<?xml version="1.0" encoding="UTF-8"?>
<testsuite name="awsstudy.ds.kr.springboot.web.dto.HelloResponseDtoTest" tests="1" skipped="0" failures="0" errors="0" timestamp="2024-02-05T05:35:06" hostname="DSCHO" time="0.007">
  <properties/>
  <testcase name="롬복_기능_테스트()" classname="awsstudy.ds.kr.springboot.web.dto.HelloResponseDtoTest" time="0.007"/>
  <system-out><![CDATA[]]></system-out>
  <system-err><![CDATA[]]></system-err>
</testsuite>
