<?xml version="1.0" encoding="UTF-8"?>
<testsuite name="awsstudy.ds.kr.springboot.domain.posts.PostRepositoryTest" tests="2" skipped="0" failures="0" errors="0" timestamp="2024-02-05T05:35:05" hostname="DSCHO" time="0.765">
  <properties/>
  <testcase name="BaseEntity_등록()" classname="awsstudy.ds.kr.springboot.domain.posts.PostRepositoryTest" time="0.722"/>
  <testcase name="게시글저장_불러오기()" classname="awsstudy.ds.kr.springboot.domain.posts.PostRepositoryTest" time="0.041"/>
  <system-out><![CDATA[14:34:48.410 [Test worker] DEBUG org.springframework.test.context.BootstrapUtils - Instantiating CacheAwareContextLoaderDelegate from class [org.springframework.test.context.cache.DefaultCacheAwareContextLoaderDelegate]
14:34:48.433 [Test worker] DEBUG org.springframework.test.context.BootstrapUtils - Instantiating BootstrapContext using constructor [public org.springframework.test.context.support.DefaultBootstrapContext(java.lang.Class,org.springframework.test.context.CacheAwareContextLoaderDelegate)]
14:34:48.505 [Test worker] DEBUG org.springframework.test.context.BootstrapUtils - Instantiating TestContextBootstrapper for test class [awsstudy.ds.kr.springboot.domain.posts.PostRepositoryTest] from class [org.springframework.boot.test.context.SpringBootTestContextBootstrapper]
14:34:48.545 [Test worker] INFO org.springframework.boot.test.context.SpringBootTestContextBootstrapper - Neither @ContextConfiguration nor @ContextHierarchy found for test class [awsstudy.ds.kr.springboot.domain.posts.PostRepositoryTest], using SpringBootContextLoader
14:34:48.553 [Test worker] DEBUG org.springframework.test.context.support.AbstractContextLoader - Did not detect default resource location for test class [awsstudy.ds.kr.springboot.domain.posts.PostRepositoryTest]: class path resource [awsstudy/ds/kr/springboot/domain/posts/PostRepositoryTest-context.xml] does not exist
14:34:48.555 [Test worker] DEBUG org.springframework.test.context.support.AbstractContextLoader - Did not detect default resource location for test class [awsstudy.ds.kr.springboot.domain.posts.PostRepositoryTest]: class path resource [awsstudy/ds/kr/springboot/domain/posts/PostRepositoryTestContext.groovy] does not exist
14:34:48.555 [Test worker] INFO org.springframework.test.context.support.AbstractContextLoader - Could not detect default resource locations for test class [awsstudy.ds.kr.springboot.domain.posts.PostRepositoryTest]: no resource found for suffixes {-context.xml, Context.groovy}.
14:34:48.557 [Test worker] INFO org.springframework.test.context.support.AnnotationConfigContextLoaderUtils - Could not detect default configuration classes for test class [awsstudy.ds.kr.springboot.domain.posts.PostRepositoryTest]: PostRepositoryTest does not declare any static, non-private, non-final, nested classes annotated with @Configuration.
14:34:48.654 [Test worker] DEBUG org.springframework.test.context.support.ActiveProfilesUtils - Could not find an 'annotation declaring class' for annotation type [org.springframework.test.context.ActiveProfiles] and class [awsstudy.ds.kr.springboot.domain.posts.PostRepositoryTest]
14:34:48.838 [Test worker] DEBUG org.springframework.context.annotation.ClassPathScanningCandidateComponentProvider - Identified candidate component class: file [C:\blacksmith\awsstudy\awsstudy\build\classes\java\main\awsstudy\ds\kr\springboot\Application.class]
14:34:48.839 [Test worker] INFO org.springframework.boot.test.context.SpringBootTestContextBootstrapper - Found @SpringBootConfiguration awsstudy.ds.kr.springboot.Application for test class awsstudy.ds.kr.springboot.domain.posts.PostRepositoryTest
14:34:49.010 [Test worker] DEBUG org.springframework.boot.test.context.SpringBootTestContextBootstrapper - @TestExecutionListeners is not present for class [awsstudy.ds.kr.springboot.domain.posts.PostRepositoryTest]: using defaults.
14:34:49.011 [Test worker] INFO org.springframework.boot.test.context.SpringBootTestContextBootstrapper - Loaded default TestExecutionListener class names from location [META-INF/spring.factories]: [org.springframework.security.test.context.support.WithSecurityContextTestExecutionListener, org.springframework.security.test.context.support.ReactorContextTestExecutionListener, org.springframework.boot.test.autoconfigure.restdocs.RestDocsTestExecutionListener, org.springframework.boot.test.autoconfigure.web.client.MockRestServiceServerResetTestExecutionListener, org.springframework.boot.test.autoconfigure.web.servlet.MockMvcPrintOnlyOnFailureTestExecutionListener, org.springframework.boot.test.autoconfigure.web.servlet.WebDriverTestExecutionListener, org.springframework.boot.test.autoconfigure.webservices.client.MockWebServiceServerTestExecutionListener, org.springframework.boot.test.mock.mockito.MockitoTestExecutionListener, org.springframework.boot.test.mock.mockito.ResetMocksTestExecutionListener, org.springframework.test.context.web.ServletTestExecutionListener, org.springframework.test.context.support.DirtiesContextBeforeModesTestExecutionListener, org.springframework.test.context.event.ApplicationEventsTestExecutionListener, org.springframework.test.context.support.DependencyInjectionTestExecutionListener, org.springframework.test.context.support.DirtiesContextTestExecutionListener, org.springframework.test.context.transaction.TransactionalTestExecutionListener, org.springframework.test.context.jdbc.SqlScriptsTestExecutionListener, org.springframework.test.context.event.EventPublishingTestExecutionListener]
14:34:49.043 [Test worker] INFO org.springframework.boot.test.context.SpringBootTestContextBootstrapper - Using TestExecutionListeners: [org.springframework.test.context.web.ServletTestExecutionListener@44ea608c, org.springframework.test.context.support.DirtiesContextBeforeModesTestExecutionListener@50cf5a23, org.springframework.test.context.event.ApplicationEventsTestExecutionListener@450794b4, org.springframework.boot.test.mock.mockito.MockitoTestExecutionListener@273c947f, org.springframework.boot.test.autoconfigure.SpringBootDependencyInjectionTestExecutionListener@30457e14, org.springframework.test.context.support.DirtiesContextTestExecutionListener@1af1347d, org.springframework.test.context.transaction.TransactionalTestExecutionListener@632aa1a3, org.springframework.test.context.jdbc.SqlScriptsTestExecutionListener@20765ed5, org.springframework.security.test.context.support.WithSecurityContextTestExecutionListener@3b582111, org.springframework.test.context.event.EventPublishingTestExecutionListener@2899a8db, org.springframework.security.test.context.support.ReactorContextTestExecutionListener@1e8823d2, org.springframework.boot.test.autoconfigure.restdocs.RestDocsTestExecutionListener@c1a4620, org.springframework.boot.test.autoconfigure.web.client.MockRestServiceServerResetTestExecutionListener@76b0ae1b, org.springframework.boot.test.autoconfigure.web.servlet.MockMvcPrintOnlyOnFailureTestExecutionListener@130a0f66, org.springframework.boot.test.autoconfigure.web.servlet.WebDriverTestExecutionListener@4c432866, org.springframework.boot.test.autoconfigure.webservices.client.MockWebServiceServerTestExecutionListener@12365c88, org.springframework.boot.test.mock.mockito.ResetMocksTestExecutionListener@6105f8a3]
14:34:49.050 [Test worker] DEBUG org.springframework.test.context.support.AbstractDirtiesContextTestExecutionListener - Before test class: context [DefaultTestContext@74518890 testClass = PostRepositoryTest, testInstance = [null], testMethod = [null], testException = [null], mergedContextConfiguration = [WebMergedContextConfiguration@4c5204af testClass = PostRepositoryTest, locations = '{}', classes = '{class awsstudy.ds.kr.springboot.Application}', contextInitializerClasses = '[]', activeProfiles = '{}', propertySourceLocations = '{}', propertySourceProperties = '{org.springframework.boot.test.context.SpringBootTestContextBootstrapper=true, server.port=0}', contextCustomizers = set[org.springframework.boot.test.autoconfigure.actuate.metrics.MetricsExportContextCustomizerFactory$DisableMetricExportContextCustomizer@4bff1903, org.springframework.boot.test.autoconfigure.properties.PropertyMappingContextCustomizer@0, org.springframework.boot.test.autoconfigure.web.servlet.WebDriverContextCustomizerFactory$Customizer@5357c287, org.springframework.boot.test.context.filter.ExcludeFilterContextCustomizer@2b43529a, org.springframework.boot.test.json.DuplicateJsonObjectContextCustomizerFactory$DuplicateJsonObjectContextCustomizer@c260bdc, org.springframework.boot.test.mock.mockito.MockitoContextCustomizer@0, org.springframework.boot.test.web.client.TestRestTemplateContextCustomizer@38be305c, org.springframework.boot.test.context.SpringBootTestArgs@1, org.springframework.boot.test.context.SpringBootTestWebEnvironment@329dbdbf], resourceBasePath = 'src/main/webapp', contextLoader = 'org.springframework.boot.test.context.SpringBootContextLoader', parent = [null]], attributes = map['org.springframework.test.context.web.ServletTestExecutionListener.activateListener' -> false]], class annotated with @DirtiesContext [false] with mode [null].
14:34:49.064 [Test worker] DEBUG org.springframework.test.context.support.DependencyInjectionTestExecutionListener - Performing dependency injection for test context [[DefaultTestContext@74518890 testClass = PostRepositoryTest, testInstance = awsstudy.ds.kr.springboot.domain.posts.PostRepositoryTest@742d4e15, testMethod = [null], testException = [null], mergedContextConfiguration = [WebMergedContextConfiguration@4c5204af testClass = PostRepositoryTest, locations = '{}', classes = '{class awsstudy.ds.kr.springboot.Application}', contextInitializerClasses = '[]', activeProfiles = '{}', propertySourceLocations = '{}', propertySourceProperties = '{org.springframework.boot.test.context.SpringBootTestContextBootstrapper=true, server.port=0}', contextCustomizers = set[org.springframework.boot.test.autoconfigure.actuate.metrics.MetricsExportContextCustomizerFactory$DisableMetricExportContextCustomizer@4bff1903, org.springframework.boot.test.autoconfigure.properties.PropertyMappingContextCustomizer@0, org.springframework.boot.test.autoconfigure.web.servlet.WebDriverContextCustomizerFactory$Customizer@5357c287, org.springframework.boot.test.context.filter.ExcludeFilterContextCustomizer@2b43529a, org.springframework.boot.test.json.DuplicateJsonObjectContextCustomizerFactory$DuplicateJsonObjectContextCustomizer@c260bdc, org.springframework.boot.test.mock.mockito.MockitoContextCustomizer@0, org.springframework.boot.test.web.client.TestRestTemplateContextCustomizer@38be305c, org.springframework.boot.test.context.SpringBootTestArgs@1, org.springframework.boot.test.context.SpringBootTestWebEnvironment@329dbdbf], resourceBasePath = 'src/main/webapp', contextLoader = 'org.springframework.boot.test.context.SpringBootContextLoader', parent = [null]], attributes = map['org.springframework.test.context.web.ServletTestExecutionListener.activateListener' -> false, 'org.springframework.test.context.event.ApplicationEventsTestExecutionListener.recordApplicationEvents' -> false]]].

  .   ____          _            __ _ _
 /\\ / ___'_ __ _ _(_)_ __  __ _ \ \ \ \
( ( )\___ | '_ | '_| | '_ \/ _` | \ \ \ \
 \\/  ___)| |_)| | | | | || (_| |  ) ) ) )
  '  |____| .__|_| |_|_| |_\__, | / / / /
 =========|_|==============|___/=/_/_/_/
 :: Spring Boot ::                (v2.7.1)

2024-02-05 14:34:50.121  INFO 25576 --- [    Test worker] a.d.k.s.domain.posts.PostRepositoryTest  : Starting PostRepositoryTest using Java 11 on DSCHO with PID 25576 (started by DS in C:\blacksmith\awsstudy\awsstudy)
2024-02-05 14:34:50.140  INFO 25576 --- [    Test worker] a.d.k.s.domain.posts.PostRepositoryTest  : The following 1 profile is active: "oauth"
2024-02-05 14:34:54.490  INFO 25576 --- [    Test worker] .s.d.r.c.RepositoryConfigurationDelegate : Bootstrapping Spring Data JPA repositories in DEFAULT mode.
2024-02-05 14:34:54.725  INFO 25576 --- [    Test worker] .s.d.r.c.RepositoryConfigurationDelegate : Finished Spring Data repository scanning in 205 ms. Found 2 JPA repository interfaces.
2024-02-05 14:34:57.289  INFO 25576 --- [    Test worker] o.s.b.w.embedded.tomcat.TomcatWebServer  : Tomcat initialized with port(s): 0 (http)
2024-02-05 14:34:57.323  INFO 25576 --- [    Test worker] o.apache.catalina.core.StandardService   : Starting service [Tomcat]
2024-02-05 14:34:57.324  INFO 25576 --- [    Test worker] org.apache.catalina.core.StandardEngine  : Starting Servlet engine: [Apache Tomcat/9.0.64]
2024-02-05 14:34:57.743  INFO 25576 --- [    Test worker] o.a.c.c.C.[Tomcat].[localhost].[/]       : Initializing Spring embedded WebApplicationContext
2024-02-05 14:34:57.743  INFO 25576 --- [    Test worker] w.s.c.ServletWebServerApplicationContext : Root WebApplicationContext: initialization completed in 7277 ms
2024-02-05 14:34:57.842  INFO 25576 --- [    Test worker] com.zaxxer.hikari.HikariDataSource       : HikariPool-1 - Starting...
2024-02-05 14:34:58.354  INFO 25576 --- [    Test worker] com.zaxxer.hikari.HikariDataSource       : HikariPool-1 - Start completed.
2024-02-05 14:34:58.373  INFO 25576 --- [    Test worker] o.s.b.a.h2.H2ConsoleAutoConfiguration    : H2 console available at '/h2-console'. Database available at 'jdbc:h2:mem:testdb'
2024-02-05 14:34:59.197  INFO 25576 --- [    Test worker] o.hibernate.jpa.internal.util.LogHelper  : HHH000204: Processing PersistenceUnitInfo [name: default]
2024-02-05 14:34:59.340  INFO 25576 --- [    Test worker] org.hibernate.Version                    : HHH000412: Hibernate ORM core version 5.6.9.Final
2024-02-05 14:34:59.909  INFO 25576 --- [    Test worker] o.hibernate.annotations.common.Version   : HCANN000001: Hibernate Commons Annotations {5.1.2.Final}
2024-02-05 14:35:00.350  INFO 25576 --- [    Test worker] org.hibernate.dialect.Dialect            : HHH000400: Using dialect: org.hibernate.dialect.MySQL57Dialect
Hibernate: drop table if exists `user`
Hibernate: drop table if exists posts
Hibernate: create table `user` (id bigint not null auto_increment, created_date datetime(6), modified_date datetime(6), email varchar(255) not null, name varchar(255) not null, picture varchar(255), role varchar(255) not null, primary key (id)) engine=InnoDB
Hibernate: create table posts (id bigint not null auto_increment, created_date datetime(6), modified_date datetime(6), author varchar(255), content TEXT not null, title varchar(500) not null, primary key (id)) engine=InnoDB
2024-02-05 14:35:01.603  INFO 25576 --- [    Test worker] o.h.e.t.j.p.i.JtaPlatformInitiator       : HHH000490: Using JtaPlatform implementation: [org.hibernate.engine.transaction.jta.platform.internal.NoJtaPlatform]
2024-02-05 14:35:01.617  INFO 25576 --- [    Test worker] j.LocalContainerEntityManagerFactoryBean : Initialized JPA EntityManagerFactory for persistence unit 'default'
2024-02-05 14:35:02.860  WARN 25576 --- [    Test worker] JpaBaseConfiguration$JpaWebConfiguration : spring.jpa.open-in-view is enabled by default. Therefore, database queries may be performed during view rendering. Explicitly configure spring.jpa.open-in-view to disable this warning
2024-02-05 14:35:03.881  INFO 25576 --- [    Test worker] o.s.s.web.DefaultSecurityFilterChain     : Will secure any request with [org.springframework.security.web.session.DisableEncodeUrlFilter@46059b73, org.springframework.security.web.context.request.async.WebAsyncManagerIntegrationFilter@3b446d7, org.springframework.security.web.context.SecurityContextPersistenceFilter@f9919a2, org.springframework.security.web.header.HeaderWriterFilter@671c71e8, org.springframework.security.web.authentication.logout.LogoutFilter@56e9126f, org.springframework.security.oauth2.client.web.OAuth2AuthorizationRequestRedirectFilter@55b7f9f1, org.springframework.security.oauth2.client.web.OAuth2LoginAuthenticationFilter@4b477121, org.springframework.security.web.authentication.ui.DefaultLoginPageGeneratingFilter@a3f1f32, org.springframework.security.web.authentication.ui.DefaultLogoutPageGeneratingFilter@6bb46040, org.springframework.security.web.savedrequest.RequestCacheAwareFilter@7057d9f4, org.springframework.security.web.servletapi.SecurityContextHolderAwareRequestFilter@128ebca1, org.springframework.security.web.authentication.AnonymousAuthenticationFilter@2b71a12e, org.springframework.security.web.session.SessionManagementFilter@103a1ad3, org.springframework.security.web.access.ExceptionTranslationFilter@669b8190, org.springframework.security.web.access.intercept.FilterSecurityInterceptor@76685ab0]
2024-02-05 14:35:04.553  INFO 25576 --- [    Test worker] o.s.b.a.w.s.WelcomePageHandlerMapping    : Adding welcome page template: index
2024-02-05 14:35:05.378  INFO 25576 --- [    Test worker] o.s.b.w.embedded.tomcat.TomcatWebServer  : Tomcat started on port(s): 41238 (http) with context path ''
2024-02-05 14:35:05.400  INFO 25576 --- [    Test worker] s.a.ScheduledAnnotationBeanPostProcessor : No TaskScheduler/ScheduledExecutorService bean found for scheduled processing
2024-02-05 14:35:05.435  INFO 25576 --- [    Test worker] a.d.k.s.domain.posts.PostRepositoryTest  : Started PostRepositoryTest in 16.332 seconds (JVM running for 19.002)
Hibernate: insert into posts (created_date, modified_date, author, content, title) values (?, ?, ?, ?, ?)
Hibernate: select posts0_.id as id1_1_, posts0_.created_date as created_2_1_, posts0_.modified_date as modified3_1_, posts0_.author as author4_1_, posts0_.content as content5_1_, posts0_.title as title6_1_ from posts posts0_
>>>>>>>>> createDate=2024-02-05T14:35:05.774536, modifiedDate = 2024-02-05T14:35:05.774536
Hibernate: select posts0_.id as id1_1_, posts0_.created_date as created_2_1_, posts0_.modified_date as modified3_1_, posts0_.author as author4_1_, posts0_.content as content5_1_, posts0_.title as title6_1_ from posts posts0_
Hibernate: delete from posts where id=?
Hibernate: insert into posts (created_date, modified_date, author, content, title) values (?, ?, ?, ?, ?)
Hibernate: select posts0_.id as id1_1_, posts0_.created_date as created_2_1_, posts0_.modified_date as modified3_1_, posts0_.author as author4_1_, posts0_.content as content5_1_, posts0_.title as title6_1_ from posts posts0_
Hibernate: select posts0_.id as id1_1_, posts0_.created_date as created_2_1_, posts0_.modified_date as modified3_1_, posts0_.author as author4_1_, posts0_.content as content5_1_, posts0_.title as title6_1_ from posts posts0_
Hibernate: delete from posts where id=?
]]></system-out>
  <system-err><![CDATA[]]></system-err>
</testsuite>
