<?xml version="1.0" encoding="UTF-8"?>
<testsuite name="awsstudy.ds.kr.springboot.web.PostsApiControllerTest" tests="2" skipped="0" failures="0" errors="0" timestamp="2024-02-05T05:35:06" hostname="DSCHO" time="0.426">
  <properties/>
  <testcase name="Posts_수정()" classname="awsstudy.ds.kr.springboot.web.PostsApiControllerTest" time="0.388"/>
  <testcase name="Posts_등록된다()" classname="awsstudy.ds.kr.springboot.web.PostsApiControllerTest" time="0.036"/>
  <system-out><![CDATA[2024-02-05 14:35:06.229  INFO 25576 --- [    Test worker] .b.t.c.SpringBootTestContextBootstrapper : Neither @ContextConfiguration nor @ContextHierarchy found for test class [awsstudy.ds.kr.springboot.web.PostsApiControllerTest], using SpringBootContextLoader
2024-02-05 14:35:06.231  INFO 25576 --- [    Test worker] o.s.t.c.support.AbstractContextLoader    : Could not detect default resource locations for test class [awsstudy.ds.kr.springboot.web.PostsApiControllerTest]: no resource found for suffixes {-context.xml, Context.groovy}.
2024-02-05 14:35:06.232  INFO 25576 --- [    Test worker] t.c.s.AnnotationConfigContextLoaderUtils : Could not detect default configuration classes for test class [awsstudy.ds.kr.springboot.web.PostsApiControllerTest]: PostsApiControllerTest does not declare any static, non-private, non-final, nested classes annotated with @Configuration.
2024-02-05 14:35:06.253  INFO 25576 --- [    Test worker] .b.t.c.SpringBootTestContextBootstrapper : Found @SpringBootConfiguration awsstudy.ds.kr.springboot.Application for test class awsstudy.ds.kr.springboot.web.PostsApiControllerTest
2024-02-05 14:35:06.258  INFO 25576 --- [    Test worker] .b.t.c.SpringBootTestContextBootstrapper : Loaded default TestExecutionListener class names from location [META-INF/spring.factories]: [org.springframework.security.test.context.support.WithSecurityContextTestExecutionListener, org.springframework.security.test.context.support.ReactorContextTestExecutionListener, org.springframework.boot.test.autoconfigure.restdocs.RestDocsTestExecutionListener, org.springframework.boot.test.autoconfigure.web.client.MockRestServiceServerResetTestExecutionListener, org.springframework.boot.test.autoconfigure.web.servlet.MockMvcPrintOnlyOnFailureTestExecutionListener, org.springframework.boot.test.autoconfigure.web.servlet.WebDriverTestExecutionListener, org.springframework.boot.test.autoconfigure.webservices.client.MockWebServiceServerTestExecutionListener, org.springframework.boot.test.mock.mockito.MockitoTestExecutionListener, org.springframework.boot.test.mock.mockito.ResetMocksTestExecutionListener, org.springframework.test.context.web.ServletTestExecutionListener, org.springframework.test.context.support.DirtiesContextBeforeModesTestExecutionListener, org.springframework.test.context.event.ApplicationEventsTestExecutionListener, org.springframework.test.context.support.DependencyInjectionTestExecutionListener, org.springframework.test.context.support.DirtiesContextTestExecutionListener, org.springframework.test.context.transaction.TransactionalTestExecutionListener, org.springframework.test.context.jdbc.SqlScriptsTestExecutionListener, org.springframework.test.context.event.EventPublishingTestExecutionListener]
2024-02-05 14:35:06.260  INFO 25576 --- [    Test worker] .b.t.c.SpringBootTestContextBootstrapper : Using TestExecutionListeners: [org.springframework.test.context.web.ServletTestExecutionListener@2eebb07, org.springframework.test.context.support.DirtiesContextBeforeModesTestExecutionListener@4ab1ff80, org.springframework.test.context.event.ApplicationEventsTestExecutionListener@6f0ab520, org.springframework.boot.test.mock.mockito.MockitoTestExecutionListener@13c79e0d, org.springframework.boot.test.autoconfigure.SpringBootDependencyInjectionTestExecutionListener@648639f1, org.springframework.test.context.support.DirtiesContextTestExecutionListener@210e971e, org.springframework.test.context.transaction.TransactionalTestExecutionListener@1b9785aa, org.springframework.test.context.jdbc.SqlScriptsTestExecutionListener@340f4723, org.springframework.security.test.context.support.WithSecurityContextTestExecutionListener@6193a9e2, org.springframework.test.context.event.EventPublishingTestExecutionListener@347074a9, org.springframework.security.test.context.support.ReactorContextTestExecutionListener@136d1d58, org.springframework.boot.test.autoconfigure.restdocs.RestDocsTestExecutionListener@5d956649, org.springframework.boot.test.autoconfigure.web.client.MockRestServiceServerResetTestExecutionListener@21b508a0, org.springframework.boot.test.autoconfigure.web.servlet.MockMvcPrintOnlyOnFailureTestExecutionListener@16d7f503, org.springframework.boot.test.autoconfigure.web.servlet.WebDriverTestExecutionListener@6dabad5c, org.springframework.boot.test.autoconfigure.webservices.client.MockWebServiceServerTestExecutionListener@1bfa398e, org.springframework.boot.test.mock.mockito.ResetMocksTestExecutionListener@1203c259]
2024-02-05 14:35:06.331  INFO 25576 --- [    Test worker] o.a.c.c.C.[Tomcat].[localhost].[/]       : Initializing Spring TestDispatcherServlet ''
2024-02-05 14:35:06.331  INFO 25576 --- [    Test worker] o.s.t.web.servlet.TestDispatcherServlet  : Initializing Servlet ''
2024-02-05 14:35:06.332  INFO 25576 --- [    Test worker] o.s.t.web.servlet.TestDispatcherServlet  : Completed initialization in 1 ms
Hibernate: insert into posts (created_date, modified_date, author, content, title) values (?, ?, ?, ?, ?)
Hibernate: select posts0_.id as id1_1_0_, posts0_.created_date as created_2_1_0_, posts0_.modified_date as modified3_1_0_, posts0_.author as author4_1_0_, posts0_.content as content5_1_0_, posts0_.title as title6_1_0_ from posts posts0_ where posts0_.id=?
Hibernate: update posts set created_date=?, modified_date=?, author=?, content=?, title=? where id=?
Hibernate: select posts0_.id as id1_1_, posts0_.created_date as created_2_1_, posts0_.modified_date as modified3_1_, posts0_.author as author4_1_, posts0_.content as content5_1_, posts0_.title as title6_1_ from posts posts0_
Hibernate: select posts0_.id as id1_1_, posts0_.created_date as created_2_1_, posts0_.modified_date as modified3_1_, posts0_.author as author4_1_, posts0_.content as content5_1_, posts0_.title as title6_1_ from posts posts0_
Hibernate: delete from posts where id=?
2024-02-05 14:35:06.669  INFO 25576 --- [    Test worker] o.a.c.c.C.[Tomcat].[localhost].[/]       : Initializing Spring TestDispatcherServlet ''
2024-02-05 14:35:06.669  INFO 25576 --- [    Test worker] o.s.t.web.servlet.TestDispatcherServlet  : Initializing Servlet ''
2024-02-05 14:35:06.670  INFO 25576 --- [    Test worker] o.s.t.web.servlet.TestDispatcherServlet  : Completed initialization in 1 ms
Hibernate: insert into posts (created_date, modified_date, author, content, title) values (?, ?, ?, ?, ?)
Hibernate: select posts0_.id as id1_1_, posts0_.created_date as created_2_1_, posts0_.modified_date as modified3_1_, posts0_.author as author4_1_, posts0_.content as content5_1_, posts0_.title as title6_1_ from posts posts0_
Hibernate: select posts0_.id as id1_1_, posts0_.created_date as created_2_1_, posts0_.modified_date as modified3_1_, posts0_.author as author4_1_, posts0_.content as content5_1_, posts0_.title as title6_1_ from posts posts0_
Hibernate: delete from posts where id=?
]]></system-out>
  <system-err><![CDATA[]]></system-err>
</testsuite>
